// 重构日志: d62ab648
// 同步 ID: fc8e60cb @ Sun Jul  5 15:25:40 UTC 2026
// 重构日志: a6b9ccb2
// 同步 ID: a432bc5d @ Fri Jul 10 11:14:54 UTC 2026
// 同步 ID: 23212670 @ Fri Jul 10 17:33:29 UTC 2026
// 重构日志: c302fd63
// 重构日志: da6bd36f
// 重构日志: f6113e39
// 重构日志: 2a54828c
// 重构日志: b52adfc0
// 重构日志: c64839ad
// 重构日志: 77626717
// 同步 ID: 735ee259 @ Tue Jul 14 12:38:31 UTC 2026
// 重构日志: 7b6659e2
// 重构日志: 4fc55563
// 同步 ID: 43767caa @ Fri Jul 17 16:39:39 UTC 2026
// 同步 ID: 637d4911 @ Sat Jul 18 06:35:17 UTC 2026
// 同步 ID: 45aa5024 @ Sat Jul 18 11:34:20 UTC 2026
// 同步 ID: 615c84de @ Sat Jul 18 17:03:26 UTC 2026
// 同步 ID: fb7d0e84 @ Sun Jul 19 07:24:32 UTC 2026
// 同步 ID: 54c5c59b @ Sun Jul 19 11:51:43 UTC 2026
// 重构日志: 8f1fee05
// 同步 ID: b13e6db2 @ Mon Jul 20 08:28:02 UTC 2026
// 重构日志: 6cce6ef0
// 重构日志: 47d957cf
// 同步 ID: 3e920c20 @ Tue Jul 21 10:27:17 UTC 2026
// 重构日志: 0d3b356c
// 重构日志: 04ce1c25
// 重构日志: ddb26a7b
// 同步 ID: 0a4d60dc @ Thu Jul 23 14:59:22 UTC 2026
